<?xml version="1.0" encoding="utf-8"?>
<coverage line-rate="0.988" branch-rate="0.9736" version="1.9" timestamp="1761177355" lines-covered="247" lines-valid="250" branches-covered="37" branches-valid="38">
  <sources>
    <source>C:\Users\Capurra\Desktop\santiago\Bar c#\BarSystem\src\</source>
  </sources>
  <packages>
    <package name="BarSystem" line-rate="0.988" branch-rate="0.9736" complexity="101">
      <classes>
        <class name="BarSystem.Infrastructure.BarContext" filename="Infrastructure\BarContext.cs" line-rate="1" branch-rate="1" complexity="8">
          <methods>
            <method name="get_Mesas" signature="()" line-rate="1" branch-rate="1" complexity="1">
              <lines>
                <line number="11" hits="122" branch="False" />
              </lines>
            </method>
            <method name="get_Pedidos" signature="()" line-rate="1" branch-rate="1" complexity="1">
              <lines>
                <line number="12" hits="162" branch="False" />
              </lines>
            </method>
            <method name="get_DetallesPedido" signature="()" line-rate="1" branch-rate="1" complexity="1">
              <lines>
                <line number="13" hits="148" branch="False" />
              </lines>
            </method>
            <method name="get_Productos" signature="()" line-rate="1" branch-rate="1" complexity="1">
              <lines>
                <line number="14" hits="152" branch="False" />
              </lines>
            </method>
            <method name="get_Cuentas" signature="()" line-rate="1" branch-rate="1" complexity="1">
              <lines>
                <line number="15" hits="154" branch="False" />
              </lines>
            </method>
            <method name="get_Usuarios" signature="()" line-rate="1" branch-rate="1" complexity="1">
              <lines>
                <line number="16" hits="162" branch="False" />
              </lines>
            </method>
            <method name="Entry" signature="(System.Object)" line-rate="1" branch-rate="1" complexity="1">
              <lines>
                <line number="18" hits="6" branch="False" />
              </lines>
            </method>
            <method name=".ctor" signature="(Microsoft.EntityFrameworkCore.DbContextOptions`1&lt;BarSystem.Infrastructure.BarContext&gt;)" line-rate="1" branch-rate="1" complexity="1">
              <lines>
                <line number="9" hits="330" branch="False" />
              </lines>
            </method>
          </methods>
          <lines>
            <line number="11" hits="122" branch="False" />
            <line number="12" hits="162" branch="False" />
            <line number="13" hits="148" branch="False" />
            <line number="14" hits="152" branch="False" />
            <line number="15" hits="154" branch="False" />
            <line number="16" hits="162" branch="False" />
            <line number="18" hits="6" branch="False" />
            <line number="9" hits="330" branch="False" />
          </lines>
        </class>
        <class name="BarSystem.Domain.Entities.Cuenta" filename="Domain\Entities\Cuenta.cs" line-rate="1" branch-rate="1" complexity="6">
          <methods>
            <method name="get_Id" signature="()" line-rate="1" branch-rate="1" complexity="1">
              <lines>
                <line number="5" hits="30" branch="False" />
              </lines>
            </method>
            <method name="get_PedidoId" signature="()" line-rate="1" branch-rate="1" complexity="1">
              <lines>
                <line number="6" hits="4" branch="False" />
              </lines>
            </method>
            <method name="get_Pedido" signature="()" line-rate="1" branch-rate="1" complexity="1">
              <lines>
                <line number="7" hits="2" branch="False" />
              </lines>
            </method>
            <method name="get_Total" signature="()" line-rate="1" branch-rate="1" complexity="1">
              <lines>
                <line number="8" hits="42" branch="False" />
              </lines>
            </method>
            <method name="get_MetodoPago" signature="()" line-rate="1" branch-rate="1" complexity="1">
              <lines>
                <line number="9" hits="74" branch="False" />
              </lines>
            </method>
            <method name="get_Estado" signature="()" line-rate="1" branch-rate="1" complexity="1">
              <lines>
                <line number="10" hits="52" branch="False" />
              </lines>
            </method>
          </methods>
          <lines>
            <line number="5" hits="30" branch="False" />
            <line number="6" hits="4" branch="False" />
            <line number="7" hits="2" branch="False" />
            <line number="8" hits="42" branch="False" />
            <line number="9" hits="74" branch="False" />
            <line number="10" hits="52" branch="False" />
          </lines>
        </class>
        <class name="BarSystem.Domain.Entities.DetallePedido" filename="Domain\Entities\DetallePedido.cs" line-rate="1" branch-rate="1" complexity="7">
          <methods>
            <method name="get_Id" signature="()" line-rate="1" branch-rate="1" complexity="1">
              <lines>
                <line number="5" hits="26" branch="False" />
              </lines>
            </method>
            <method name="get_PedidoId" signature="()" line-rate="1" branch-rate="1" complexity="1">
              <lines>
                <line number="6" hits="20" branch="False" />
              </lines>
            </method>
            <method name="get_Pedido" signature="()" line-rate="1" branch-rate="1" complexity="1">
              <lines>
                <line number="7" hits="4" branch="False" />
              </lines>
            </method>
            <method name="get_ProductoId" signature="()" line-rate="1" branch-rate="1" complexity="1">
              <lines>
                <line number="8" hits="20" branch="False" />
              </lines>
            </method>
            <method name="get_Producto" signature="()" line-rate="1" branch-rate="1" complexity="1">
              <lines>
                <line number="9" hits="10" branch="False" />
              </lines>
            </method>
            <method name="get_Cantidad" signature="()" line-rate="1" branch-rate="1" complexity="1">
              <lines>
                <line number="10" hits="28" branch="False" />
              </lines>
            </method>
            <method name="get_Subtotal" signature="()" line-rate="1" branch-rate="1" complexity="1">
              <lines>
                <line number="11" hits="30" branch="False" />
              </lines>
            </method>
          </methods>
          <lines>
            <line number="5" hits="26" branch="False" />
            <line number="6" hits="20" branch="False" />
            <line number="7" hits="4" branch="False" />
            <line number="8" hits="20" branch="False" />
            <line number="9" hits="10" branch="False" />
            <line number="10" hits="28" branch="False" />
            <line number="11" hits="30" branch="False" />
          </lines>
        </class>
        <class name="BarSystem.Domain.Entities.Mesa" filename="Domain\Entities\Mesa.cs" line-rate="1" branch-rate="1" complexity="4">
          <methods>
            <method name="get_Id" signature="()" line-rate="1" branch-rate="1" complexity="1">
              <lines>
                <line number="5" hits="8" branch="False" />
              </lines>
            </method>
            <method name="get_Estado" signature="()" line-rate="1" branch-rate="1" complexity="1">
              <lines>
                <line number="6" hits="26" branch="False" />
              </lines>
            </method>
            <method name="get_Capacidad" signature="()" line-rate="1" branch-rate="1" complexity="1">
              <lines>
                <line number="7" hits="10" branch="False" />
              </lines>
            </method>
            <method name="get_Pedidos" signature="()" line-rate="1" branch-rate="1" complexity="1">
              <lines>
                <line number="10" hits="14" branch="False" />
              </lines>
            </method>
          </methods>
          <lines>
            <line number="5" hits="8" branch="False" />
            <line number="6" hits="26" branch="False" />
            <line number="7" hits="10" branch="False" />
            <line number="10" hits="14" branch="False" />
          </lines>
        </class>
        <class name="BarSystem.Domain.Entities.Pedido" filename="Domain\Entities\Pedido.cs" line-rate="0.8571" branch-rate="1" complexity="7">
          <methods>
            <method name="get_Id" signature="()" line-rate="1" branch-rate="1" complexity="1">
              <lines>
                <line number="5" hits="44" branch="False" />
              </lines>
            </method>
            <method name="get_MesaId" signature="()" line-rate="1" branch-rate="1" complexity="1">
              <lines>
                <line number="6" hits="30" branch="False" />
              </lines>
            </method>
            <method name="get_Mesa" signature="()" line-rate="0" branch-rate="1" complexity="1">
              <lines>
                <line number="7" hits="0" branch="False" />
              </lines>
            </method>
            <method name="get_Fecha" signature="()" line-rate="1" branch-rate="1" complexity="1">
              <lines>
                <line number="8" hits="32" branch="False" />
              </lines>
            </method>
            <method name="get_Estado" signature="()" line-rate="1" branch-rate="1" complexity="1">
              <lines>
                <line number="9" hits="38" branch="False" />
              </lines>
            </method>
            <method name="get_Total" signature="()" line-rate="1" branch-rate="1" complexity="1">
              <lines>
                <line number="10" hits="40" branch="False" />
              </lines>
            </method>
            <method name="get_Detalles" signature="()" line-rate="1" branch-rate="1" complexity="1">
              <lines>
                <line number="12" hits="34" branch="False" />
              </lines>
            </method>
          </methods>
          <lines>
            <line number="5" hits="44" branch="False" />
            <line number="6" hits="30" branch="False" />
            <line number="7" hits="0" branch="False" />
            <line number="8" hits="32" branch="False" />
            <line number="9" hits="38" branch="False" />
            <line number="10" hits="40" branch="False" />
            <line number="12" hits="34" branch="False" />
          </lines>
        </class>
        <class name="BarSystem.Domain.Entities.Producto" filename="Domain\Entities\Producto.cs" line-rate="1" branch-rate="1" complexity="4">
          <methods>
            <method name="get_Id" signature="()" line-rate="1" branch-rate="1" complexity="1">
              <lines>
                <line number="5" hits="32" branch="False" />
              </lines>
            </method>
            <method name="get_Nombre" signature="()" line-rate="1" branch-rate="1" complexity="1">
              <lines>
                <line number="6" hits="78" branch="False" />
              </lines>
            </method>
            <method name="get_Precio" signature="()" line-rate="1" branch-rate="1" complexity="1">
              <lines>
                <line number="7" hits="46" branch="False" />
              </lines>
            </method>
            <method name="get_Categoria" signature="()" line-rate="1" branch-rate="1" complexity="1">
              <lines>
                <line number="8" hits="52" branch="False" />
              </lines>
            </method>
          </methods>
          <lines>
            <line number="5" hits="32" branch="False" />
            <line number="6" hits="78" branch="False" />
            <line number="7" hits="46" branch="False" />
            <line number="8" hits="52" branch="False" />
          </lines>
        </class>
        <class name="BarSystem.Domain.Entities.Usuario" filename="Domain\Entities\Usuario.cs" line-rate="0.8" branch-rate="1" complexity="5">
          <methods>
            <method name="get_Id" signature="()" line-rate="0" branch-rate="1" complexity="1">
              <lines>
                <line number="5" hits="0" branch="False" />
              </lines>
            </method>
            <method name="get_Nombre" signature="()" line-rate="1" branch-rate="1" complexity="1">
              <lines>
                <line number="6" hits="53" branch="False" />
              </lines>
            </method>
            <method name="get_Email" signature="()" line-rate="1" branch-rate="1" complexity="1">
              <lines>
                <line number="7" hits="45" branch="False" />
              </lines>
            </method>
            <method name="get_PasswordHash" signature="()" line-rate="1" branch-rate="1" complexity="1">
              <lines>
                <line number="8" hits="55" branch="False" />
              </lines>
            </method>
            <method name="get_Rol" signature="()" line-rate="1" branch-rate="1" complexity="1">
              <lines>
                <line number="9" hits="25" branch="False" />
              </lines>
            </method>
          </methods>
          <lines>
            <line number="5" hits="0" branch="False" />
            <line number="6" hits="53" branch="False" />
            <line number="7" hits="45" branch="False" />
            <line number="8" hits="55" branch="False" />
            <line number="9" hits="25" branch="False" />
          </lines>
        </class>
        <class name="BarSystem.Application.DTOs.UsuarioRegisterDto" filename="Application\UsuarioDto.cs" line-rate="1" branch-rate="1" complexity="3">
          <methods>
            <method name="get_Nombre" signature="()" line-rate="1" branch-rate="1" complexity="1">
              <lines>
                <line number="5" hits="18" branch="False" />
              </lines>
            </method>
            <method name="get_Email" signature="()" line-rate="1" branch-rate="1" complexity="1">
              <lines>
                <line number="6" hits="28" branch="False" />
              </lines>
            </method>
            <method name="get_Password" signature="()" line-rate="1" branch-rate="1" complexity="1">
              <lines>
                <line number="7" hits="18" branch="False" />
              </lines>
            </method>
          </methods>
          <lines>
            <line number="5" hits="18" branch="False" />
            <line number="6" hits="28" branch="False" />
            <line number="7" hits="18" branch="False" />
          </lines>
        </class>
        <class name="BarSystem.Application.DTOs.UsuarioLoginDto" filename="Application\UsuarioDto.cs" line-rate="1" branch-rate="1" complexity="2">
          <methods>
            <method name="get_Email" signature="()" line-rate="1" branch-rate="1" complexity="1">
              <lines>
                <line number="12" hits="36" branch="False" />
              </lines>
            </method>
            <method name="get_Password" signature="()" line-rate="1" branch-rate="1" complexity="1">
              <lines>
                <line number="13" hits="34" branch="False" />
              </lines>
            </method>
          </methods>
          <lines>
            <line number="12" hits="36" branch="False" />
            <line number="13" hits="34" branch="False" />
          </lines>
        </class>
        <class name="BarSystem.Api.Controllers.CuentasController" filename="Api\Controllers\CuentasController.cs" line-rate="1" branch-rate="1" complexity="1">
          <methods>
            <method name=".ctor" signature="(BarSystem.Infrastructure.BarContext)" line-rate="1" branch-rate="1" complexity="1">
              <lines>
                <line number="16" hits="24" branch="False" />
                <line number="17" hits="24" branch="False" />
                <line number="18" hits="24" branch="False" />
                <line number="19" hits="24" branch="False" />
              </lines>
            </method>
          </methods>
          <lines>
            <line number="16" hits="24" branch="False" />
            <line number="17" hits="24" branch="False" />
            <line number="18" hits="24" branch="False" />
            <line number="19" hits="24" branch="False" />
          </lines>
        </class>
        <class name="BarSystem.Api.Controllers.CuentasController/&lt;CreateCuenta&gt;d__4" filename="Api\Controllers\CuentasController.cs" line-rate="1" branch-rate="1" complexity="1">
          <methods>
            <method name="MoveNext" signature="()" line-rate="1" branch-rate="1" complexity="1">
              <lines>
                <line number="40" hits="4" branch="False" />
                <line number="41" hits="4" branch="False" />
                <line number="42" hits="4" branch="False" />
                <line number="44" hits="4" branch="False" />
                <line number="45" hits="4" branch="False" />
              </lines>
            </method>
          </methods>
          <lines>
            <line number="40" hits="4" branch="False" />
            <line number="41" hits="4" branch="False" />
            <line number="42" hits="4" branch="False" />
            <line number="44" hits="4" branch="False" />
            <line number="45" hits="4" branch="False" />
          </lines>
        </class>
        <class name="BarSystem.Api.Controllers.CuentasController/&lt;DeleteCuenta&gt;d__6" filename="Api\Controllers\CuentasController.cs" line-rate="1" branch-rate="1" complexity="2">
          <methods>
            <method name="MoveNext" signature="()" line-rate="1" branch-rate="1" complexity="2">
              <lines>
                <line number="67" hits="4" branch="False" />
                <line number="68" hits="4" branch="False" />
                <line number="69" hits="4" branch="True" condition-coverage="100% (2/2)">
                  <conditions>
                    <condition number="198" type="jump" coverage="100%" />
                  </conditions>
                </line>
                <line number="70" hits="2" branch="False" />
                <line number="72" hits="2" branch="False" />
                <line number="73" hits="2" branch="False" />
                <line number="74" hits="2" branch="False" />
                <line number="75" hits="4" branch="False" />
              </lines>
            </method>
          </methods>
          <lines>
            <line number="67" hits="4" branch="False" />
            <line number="68" hits="4" branch="False" />
            <line number="69" hits="4" branch="True" condition-coverage="100% (2/2)">
              <conditions>
                <condition number="198" type="jump" coverage="100%" />
              </conditions>
            </line>
            <line number="70" hits="2" branch="False" />
            <line number="72" hits="2" branch="False" />
            <line number="73" hits="2" branch="False" />
            <line number="74" hits="2" branch="False" />
            <line number="75" hits="4" branch="False" />
          </lines>
        </class>
        <class name="BarSystem.Api.Controllers.CuentasController/&lt;GetCuenta&gt;d__3" filename="Api\Controllers\CuentasController.cs" line-rate="1" branch-rate="1" complexity="2">
          <methods>
            <method name="MoveNext" signature="()" line-rate="1" branch-rate="1" complexity="2">
              <lines>
                <line number="30" hits="4" branch="False" />
                <line number="31" hits="4" branch="False" />
                <line number="32" hits="4" branch="True" condition-coverage="100% (2/2)">
                  <conditions>
                    <condition number="187" type="jump" coverage="100%" />
                  </conditions>
                </line>
                <line number="33" hits="2" branch="False" />
                <line number="35" hits="2" branch="False" />
                <line number="36" hits="4" branch="False" />
              </lines>
            </method>
          </methods>
          <lines>
            <line number="30" hits="4" branch="False" />
            <line number="31" hits="4" branch="False" />
            <line number="32" hits="4" branch="True" condition-coverage="100% (2/2)">
              <conditions>
                <condition number="187" type="jump" coverage="100%" />
              </conditions>
            </line>
            <line number="33" hits="2" branch="False" />
            <line number="35" hits="2" branch="False" />
            <line number="36" hits="4" branch="False" />
          </lines>
        </class>
        <class name="BarSystem.Api.Controllers.CuentasController/&lt;GetCuentas&gt;d__2" filename="Api\Controllers\CuentasController.cs" line-rate="1" branch-rate="1" complexity="1">
          <methods>
            <method name="MoveNext" signature="()" line-rate="1" branch-rate="1" complexity="1">
              <lines>
                <line number="23" hits="4" branch="False" />
                <line number="24" hits="4" branch="False" />
                <line number="25" hits="4" branch="False" />
                <line number="26" hits="4" branch="False" />
              </lines>
            </method>
          </methods>
          <lines>
            <line number="23" hits="4" branch="False" />
            <line number="24" hits="4" branch="False" />
            <line number="25" hits="4" branch="False" />
            <line number="26" hits="4" branch="False" />
          </lines>
        </class>
        <class name="BarSystem.Api.Controllers.CuentasController/&lt;UpdateCuenta&gt;d__5" filename="Api\Controllers\CuentasController.cs" line-rate="1" branch-rate="1" complexity="4">
          <methods>
            <method name="MoveNext" signature="()" line-rate="1" branch-rate="1" complexity="4">
              <lines>
                <line number="49" hits="8" branch="False" />
                <line number="50" hits="8" branch="True" condition-coverage="100% (2/2)">
                  <conditions>
                    <condition number="53" type="jump" coverage="100%" />
                  </conditions>
                </line>
                <line number="51" hits="2" branch="False" />
                <line number="53" hits="6" branch="False" />
                <line number="54" hits="6" branch="True" condition-coverage="100% (2/2)">
                  <conditions>
                    <condition number="245" type="jump" coverage="100%" />
                  </conditions>
                </line>
                <line number="55" hits="2" branch="False" />
                <line number="57" hits="4" branch="False" />
                <line number="58" hits="4" branch="False" />
                <line number="59" hits="4" branch="False" />
                <line number="61" hits="4" branch="False" />
                <line number="62" hits="4" branch="False" />
                <line number="63" hits="8" branch="False" />
              </lines>
            </method>
          </methods>
          <lines>
            <line number="49" hits="8" branch="False" />
            <line number="50" hits="8" branch="True" condition-coverage="100% (2/2)">
              <conditions>
                <condition number="53" type="jump" coverage="100%" />
              </conditions>
            </line>
            <line number="51" hits="2" branch="False" />
            <line number="53" hits="6" branch="False" />
            <line number="54" hits="6" branch="True" condition-coverage="100% (2/2)">
              <conditions>
                <condition number="245" type="jump" coverage="100%" />
              </conditions>
            </line>
            <line number="55" hits="2" branch="False" />
            <line number="57" hits="4" branch="False" />
            <line number="58" hits="4" branch="False" />
            <line number="59" hits="4" branch="False" />
            <line number="61" hits="4" branch="False" />
            <line number="62" hits="4" branch="False" />
            <line number="63" hits="8" branch="False" />
          </lines>
        </class>
        <class name="BarSystem.Api.Controllers.DetallePedidoController" filename="Api\Controllers\DetallePedidoController.cs" line-rate="1" branch-rate="1" complexity="1">
          <methods>
            <method name=".ctor" signature="(BarSystem.Infrastructure.IBarContext)" line-rate="1" branch-rate="1" complexity="1">
              <lines>
                <line number="14" hits="22" branch="False" />
                <line number="15" hits="22" branch="False" />
                <line number="16" hits="22" branch="False" />
                <line number="17" hits="22" branch="False" />
              </lines>
            </method>
          </methods>
          <lines>
            <line number="14" hits="22" branch="False" />
            <line number="15" hits="22" branch="False" />
            <line number="16" hits="22" branch="False" />
            <line number="17" hits="22" branch="False" />
          </lines>
        </class>
        <class name="BarSystem.Api.Controllers.DetallePedidoController/&lt;CreateDetalle&gt;d__4" filename="Api\Controllers\DetallePedidoController.cs" line-rate="1" branch-rate="1" complexity="1">
          <methods>
            <method name="MoveNext" signature="()" line-rate="1" branch-rate="1" complexity="1">
              <lines>
                <line number="48" hits="4" branch="False" />
                <line number="49" hits="4" branch="False" />
                <line number="50" hits="4" branch="False" />
                <line number="52" hits="4" branch="False" />
                <line number="53" hits="4" branch="False" />
              </lines>
            </method>
          </methods>
          <lines>
            <line number="48" hits="4" branch="False" />
            <line number="49" hits="4" branch="False" />
            <line number="50" hits="4" branch="False" />
            <line number="52" hits="4" branch="False" />
            <line number="53" hits="4" branch="False" />
          </lines>
        </class>
        <class name="BarSystem.Api.Controllers.DetallePedidoController/&lt;DeleteDetalle&gt;d__6" filename="Api\Controllers\DetallePedidoController.cs" line-rate="1" branch-rate="1" complexity="2">
          <methods>
            <method name="MoveNext" signature="()" line-rate="1" branch-rate="1" complexity="2">
              <lines>
                <line number="75" hits="4" branch="False" />
                <line number="76" hits="4" branch="False" />
                <line number="77" hits="4" branch="True" condition-coverage="100% (2/2)">
                  <conditions>
                    <condition number="198" type="jump" coverage="100%" />
                  </conditions>
                </line>
                <line number="78" hits="2" branch="False" />
                <line number="80" hits="2" branch="False" />
                <line number="81" hits="2" branch="False" />
                <line number="83" hits="2" branch="False" />
                <line number="84" hits="4" branch="False" />
              </lines>
            </method>
          </methods>
          <lines>
            <line number="75" hits="4" branch="False" />
            <line number="76" hits="4" branch="False" />
            <line number="77" hits="4" branch="True" condition-coverage="100% (2/2)">
              <conditions>
                <condition number="198" type="jump" coverage="100%" />
              </conditions>
            </line>
            <line number="78" hits="2" branch="False" />
            <line number="80" hits="2" branch="False" />
            <line number="81" hits="2" branch="False" />
            <line number="83" hits="2" branch="False" />
            <line number="84" hits="4" branch="False" />
          </lines>
        </class>
        <class name="BarSystem.Api.Controllers.DetallePedidoController/&lt;GetDetalle&gt;d__3" filename="Api\Controllers\DetallePedidoController.cs" line-rate="1" branch-rate="1" complexity="2">
          <methods>
            <method name="MoveNext" signature="()" line-rate="1" branch-rate="1" complexity="2">
              <lines>
                <line number="33" hits="4" branch="False" />
                <line number="34" hits="4" branch="False" />
                <line number="35" hits="4" branch="False" />
                <line number="36" hits="4" branch="False" />
                <line number="37" hits="4" branch="False" />
                <line number="39" hits="4" branch="True" condition-coverage="100% (2/2)">
                  <conditions>
                    <condition number="427" type="jump" coverage="100%" />
                  </conditions>
                </line>
                <line number="40" hits="2" branch="False" />
                <line number="42" hits="2" branch="False" />
                <line number="43" hits="4" branch="False" />
              </lines>
            </method>
          </methods>
          <lines>
            <line number="33" hits="4" branch="False" />
            <line number="34" hits="4" branch="False" />
            <line number="35" hits="4" branch="False" />
            <line number="36" hits="4" branch="False" />
            <line number="37" hits="4" branch="False" />
            <line number="39" hits="4" branch="True" condition-coverage="100% (2/2)">
              <conditions>
                <condition number="427" type="jump" coverage="100%" />
              </conditions>
            </line>
            <line number="40" hits="2" branch="False" />
            <line number="42" hits="2" branch="False" />
            <line number="43" hits="4" branch="False" />
          </lines>
        </class>
        <class name="BarSystem.Api.Controllers.DetallePedidoController/&lt;GetDetalles&gt;d__2" filename="Api\Controllers\DetallePedidoController.cs" line-rate="1" branch-rate="1" complexity="1">
          <methods>
            <method name="MoveNext" signature="()" line-rate="1" branch-rate="1" complexity="1">
              <lines>
                <line number="22" hits="4" branch="False" />
                <line number="23" hits="4" branch="False" />
                <line number="24" hits="4" branch="False" />
                <line number="25" hits="4" branch="False" />
                <line number="26" hits="4" branch="False" />
                <line number="27" hits="4" branch="False" />
                <line number="28" hits="4" branch="False" />
              </lines>
            </method>
          </methods>
          <lines>
            <line number="22" hits="4" branch="False" />
            <line number="23" hits="4" branch="False" />
            <line number="24" hits="4" branch="False" />
            <line number="25" hits="4" branch="False" />
            <line number="26" hits="4" branch="False" />
            <line number="27" hits="4" branch="False" />
            <line number="28" hits="4" branch="False" />
          </lines>
        </class>
        <class name="BarSystem.Api.Controllers.DetallePedidoController/&lt;UpdateDetalle&gt;d__5" filename="Api\Controllers\DetallePedidoController.cs" line-rate="1" branch-rate="1" complexity="4">
          <methods>
            <method name="MoveNext" signature="()" line-rate="1" branch-rate="1" complexity="4">
              <lines>
                <line number="58" hits="6" branch="False" />
                <line number="59" hits="6" branch="True" condition-coverage="100% (2/2)">
                  <conditions>
                    <condition number="86" type="jump" coverage="100%" />
                  </conditions>
                </line>
                <line number="60" hits="2" branch="False" />
                <line number="62" hits="4" branch="False" />
                <line number="63" hits="4" branch="True" condition-coverage="100% (2/2)">
                  <conditions>
                    <condition number="358" type="jump" coverage="100%" />
                  </conditions>
                </line>
                <line number="64" hits="2" branch="False" />
                <line number="66" hits="2" branch="False" />
                <line number="67" hits="2" branch="False" />
                <line number="69" hits="2" branch="False" />
                <line number="70" hits="6" branch="False" />
              </lines>
            </method>
          </methods>
          <lines>
            <line number="58" hits="6" branch="False" />
            <line number="59" hits="6" branch="True" condition-coverage="100% (2/2)">
              <conditions>
                <condition number="86" type="jump" coverage="100%" />
              </conditions>
            </line>
            <line number="60" hits="2" branch="False" />
            <line number="62" hits="4" branch="False" />
            <line number="63" hits="4" branch="True" condition-coverage="100% (2/2)">
              <conditions>
                <condition number="358" type="jump" coverage="100%" />
              </conditions>
            </line>
            <line number="64" hits="2" branch="False" />
            <line number="66" hits="2" branch="False" />
            <line number="67" hits="2" branch="False" />
            <line number="69" hits="2" branch="False" />
            <line number="70" hits="6" branch="False" />
          </lines>
        </class>
        <class name="BarSystem.Api.Controllers.MesasController" filename="Api\Controllers\MesasController.cs" line-rate="1" branch-rate="1" complexity="1">
          <methods>
            <method name=".ctor" signature="(BarSystem.Infrastructure.BarContext)" line-rate="1" branch-rate="1" complexity="1">
              <lines>
                <line number="14" hits="4" branch="False" />
                <line number="15" hits="4" branch="False" />
                <line number="16" hits="4" branch="False" />
                <line number="17" hits="4" branch="False" />
              </lines>
            </method>
          </methods>
          <lines>
            <line number="14" hits="4" branch="False" />
            <line number="15" hits="4" branch="False" />
            <line number="16" hits="4" branch="False" />
            <line number="17" hits="4" branch="False" />
          </lines>
        </class>
        <class name="BarSystem.Api.Controllers.MesasController/&lt;CreateMesa&gt;d__3" filename="Api\Controllers\MesasController.cs" line-rate="1" branch-rate="1" complexity="1">
          <methods>
            <method name="MoveNext" signature="()" line-rate="1" branch-rate="1" complexity="1">
              <lines>
                <line number="30" hits="2" branch="False" />
                <line number="31" hits="2" branch="False" />
                <line number="32" hits="2" branch="False" />
                <line number="33" hits="2" branch="False" />
                <line number="34" hits="2" branch="False" />
              </lines>
            </method>
          </methods>
          <lines>
            <line number="30" hits="2" branch="False" />
            <line number="31" hits="2" branch="False" />
            <line number="32" hits="2" branch="False" />
            <line number="33" hits="2" branch="False" />
            <line number="34" hits="2" branch="False" />
          </lines>
        </class>
        <class name="BarSystem.Api.Controllers.MesasController/&lt;GetMesas&gt;d__2" filename="Api\Controllers\MesasController.cs" line-rate="1" branch-rate="1" complexity="1">
          <methods>
            <method name="MoveNext" signature="()" line-rate="1" branch-rate="1" complexity="1">
              <lines>
                <line number="23" hits="2" branch="False" />
                <line number="24" hits="2" branch="False" />
                <line number="26" hits="2" branch="False" />
              </lines>
            </method>
          </methods>
          <lines>
            <line number="23" hits="2" branch="False" />
            <line number="24" hits="2" branch="False" />
            <line number="26" hits="2" branch="False" />
          </lines>
        </class>
        <class name="BarSystem.Api.Controllers.PedidosController" filename="Api\Controllers\PedidosController.cs" line-rate="1" branch-rate="1" complexity="1">
          <methods>
            <method name=".ctor" signature="(BarSystem.Infrastructure.IBarContext)" line-rate="1" branch-rate="1" complexity="1">
              <lines>
                <line number="14" hits="20" branch="False" />
                <line number="15" hits="20" branch="False" />
                <line number="16" hits="20" branch="False" />
                <line number="17" hits="20" branch="False" />
              </lines>
            </method>
          </methods>
          <lines>
            <line number="14" hits="20" branch="False" />
            <line number="15" hits="20" branch="False" />
            <line number="16" hits="20" branch="False" />
            <line number="17" hits="20" branch="False" />
          </lines>
        </class>
        <class name="BarSystem.Api.Controllers.PedidosController/&lt;CreatePedido&gt;d__4" filename="Api\Controllers\PedidosController.cs" line-rate="1" branch-rate="1" complexity="1">
          <methods>
            <method name="MoveNext" signature="()" line-rate="1" branch-rate="1" complexity="1">
              <lines>
                <line number="45" hits="2" branch="False" />
                <line number="46" hits="2" branch="False" />
                <line number="47" hits="2" branch="False" />
                <line number="48" hits="2" branch="False" />
                <line number="49" hits="2" branch="False" />
              </lines>
            </method>
          </methods>
          <lines>
            <line number="45" hits="2" branch="False" />
            <line number="46" hits="2" branch="False" />
            <line number="47" hits="2" branch="False" />
            <line number="48" hits="2" branch="False" />
            <line number="49" hits="2" branch="False" />
          </lines>
        </class>
        <class name="BarSystem.Api.Controllers.PedidosController/&lt;DeletePedido&gt;d__6" filename="Api\Controllers\PedidosController.cs" line-rate="1" branch-rate="1" complexity="2">
          <methods>
            <method name="MoveNext" signature="()" line-rate="1" branch-rate="1" complexity="2">
              <lines>
                <line number="69" hits="4" branch="False" />
                <line number="70" hits="4" branch="False" />
                <line number="71" hits="4" branch="True" condition-coverage="100% (2/2)">
                  <conditions>
                    <condition number="198" type="jump" coverage="100%" />
                  </conditions>
                </line>
                <line number="72" hits="2" branch="False" />
                <line number="74" hits="2" branch="False" />
                <line number="75" hits="2" branch="False" />
                <line number="76" hits="2" branch="False" />
                <line number="77" hits="4" branch="False" />
              </lines>
            </method>
          </methods>
          <lines>
            <line number="69" hits="4" branch="False" />
            <line number="70" hits="4" branch="False" />
            <line number="71" hits="4" branch="True" condition-coverage="100% (2/2)">
              <conditions>
                <condition number="198" type="jump" coverage="100%" />
              </conditions>
            </line>
            <line number="72" hits="2" branch="False" />
            <line number="74" hits="2" branch="False" />
            <line number="75" hits="2" branch="False" />
            <line number="76" hits="2" branch="False" />
            <line number="77" hits="4" branch="False" />
          </lines>
        </class>
        <class name="BarSystem.Api.Controllers.PedidosController/&lt;GetPedido&gt;d__3" filename="Api\Controllers\PedidosController.cs" line-rate="1" branch-rate="1" complexity="2">
          <methods>
            <method name="MoveNext" signature="()" line-rate="1" branch-rate="1" complexity="2">
              <lines>
                <line number="31" hits="4" branch="False" />
                <line number="32" hits="4" branch="False" />
                <line number="33" hits="4" branch="False" />
                <line number="34" hits="4" branch="False" />
                <line number="35" hits="4" branch="False" />
                <line number="37" hits="4" branch="True" condition-coverage="100% (2/2)">
                  <conditions>
                    <condition number="427" type="jump" coverage="100%" />
                  </conditions>
                </line>
                <line number="38" hits="2" branch="False" />
                <line number="40" hits="2" branch="False" />
                <line number="41" hits="4" branch="False" />
              </lines>
            </method>
          </methods>
          <lines>
            <line number="31" hits="4" branch="False" />
            <line number="32" hits="4" branch="False" />
            <line number="33" hits="4" branch="False" />
            <line number="34" hits="4" branch="False" />
            <line number="35" hits="4" branch="False" />
            <line number="37" hits="4" branch="True" condition-coverage="100% (2/2)">
              <conditions>
                <condition number="427" type="jump" coverage="100%" />
              </conditions>
            </line>
            <line number="38" hits="2" branch="False" />
            <line number="40" hits="2" branch="False" />
            <line number="41" hits="4" branch="False" />
          </lines>
        </class>
        <class name="BarSystem.Api.Controllers.PedidosController/&lt;GetPedidos&gt;d__2" filename="Api\Controllers\PedidosController.cs" line-rate="1" branch-rate="1" complexity="1">
          <methods>
            <method name="MoveNext" signature="()" line-rate="1" branch-rate="1" complexity="1">
              <lines>
                <line number="21" hits="2" branch="False" />
                <line number="22" hits="2" branch="False" />
                <line number="23" hits="2" branch="False" />
                <line number="24" hits="2" branch="False" />
                <line number="25" hits="2" branch="False" />
                <line number="26" hits="2" branch="False" />
                <line number="27" hits="2" branch="False" />
              </lines>
            </method>
          </methods>
          <lines>
            <line number="21" hits="2" branch="False" />
            <line number="22" hits="2" branch="False" />
            <line number="23" hits="2" branch="False" />
            <line number="24" hits="2" branch="False" />
            <line number="25" hits="2" branch="False" />
            <line number="26" hits="2" branch="False" />
            <line number="27" hits="2" branch="False" />
          </lines>
        </class>
        <class name="BarSystem.Api.Controllers.PedidosController/&lt;UpdatePedido&gt;d__5" filename="Api\Controllers\PedidosController.cs" line-rate="1" branch-rate="1" complexity="4">
          <methods>
            <method name="MoveNext" signature="()" line-rate="1" branch-rate="1" complexity="4">
              <lines>
                <line number="53" hits="8" branch="False" />
                <line number="54" hits="8" branch="True" condition-coverage="100% (2/2)">
                  <conditions>
                    <condition number="86" type="jump" coverage="100%" />
                  </conditions>
                </line>
                <line number="55" hits="2" branch="False" />
                <line number="57" hits="6" branch="False" />
                <line number="58" hits="6" branch="True" condition-coverage="100% (2/2)">
                  <conditions>
                    <condition number="358" type="jump" coverage="100%" />
                  </conditions>
                </line>
                <line number="59" hits="2" branch="False" />
                <line number="61" hits="4" branch="False" />
                <line number="62" hits="4" branch="False" />
                <line number="64" hits="4" branch="False" />
                <line number="65" hits="8" branch="False" />
              </lines>
            </method>
          </methods>
          <lines>
            <line number="53" hits="8" branch="False" />
            <line number="54" hits="8" branch="True" condition-coverage="100% (2/2)">
              <conditions>
                <condition number="86" type="jump" coverage="100%" />
              </conditions>
            </line>
            <line number="55" hits="2" branch="False" />
            <line number="57" hits="6" branch="False" />
            <line number="58" hits="6" branch="True" condition-coverage="100% (2/2)">
              <conditions>
                <condition number="358" type="jump" coverage="100%" />
              </conditions>
            </line>
            <line number="59" hits="2" branch="False" />
            <line number="61" hits="4" branch="False" />
            <line number="62" hits="4" branch="False" />
            <line number="64" hits="4" branch="False" />
            <line number="65" hits="8" branch="False" />
          </lines>
        </class>
        <class name="BarSystem.Api.Controllers.ProductosController" filename="Api\Controllers\ProductosController.cs" line-rate="1" branch-rate="1" complexity="1">
          <methods>
            <method name=".ctor" signature="(BarSystem.Infrastructure.BarContext)" line-rate="1" branch-rate="1" complexity="1">
              <lines>
                <line number="15" hits="16" branch="False" />
                <line number="16" hits="16" branch="False" />
                <line number="17" hits="16" branch="False" />
                <line number="18" hits="16" branch="False" />
              </lines>
            </method>
          </methods>
          <lines>
            <line number="15" hits="16" branch="False" />
            <line number="16" hits="16" branch="False" />
            <line number="17" hits="16" branch="False" />
            <line number="18" hits="16" branch="False" />
          </lines>
        </class>
        <class name="BarSystem.Api.Controllers.ProductosController/&lt;CreateProducto&gt;d__4" filename="Api\Controllers\ProductosController.cs" line-rate="1" branch-rate="1" complexity="1">
          <methods>
            <method name="MoveNext" signature="()" line-rate="1" branch-rate="1" complexity="1">
              <lines>
                <line number="39" hits="2" branch="False" />
                <line number="40" hits="2" branch="False" />
                <line number="41" hits="2" branch="False" />
                <line number="42" hits="2" branch="False" />
                <line number="43" hits="2" branch="False" />
              </lines>
            </method>
          </methods>
          <lines>
            <line number="39" hits="2" branch="False" />
            <line number="40" hits="2" branch="False" />
            <line number="41" hits="2" branch="False" />
            <line number="42" hits="2" branch="False" />
            <line number="43" hits="2" branch="False" />
          </lines>
        </class>
        <class name="BarSystem.Api.Controllers.ProductosController/&lt;DeleteProducto&gt;d__6" filename="Api\Controllers\ProductosController.cs" line-rate="0.875" branch-rate="0.5" complexity="2">
          <methods>
            <method name="MoveNext" signature="()" line-rate="0.875" branch-rate="0.5" complexity="2">
              <lines>
                <line number="66" hits="2" branch="False" />
                <line number="67" hits="2" branch="False" />
                <line number="68" hits="2" branch="True" condition-coverage="50% (1/2)">
                  <conditions>
                    <condition number="198" type="jump" coverage="50%" />
                  </conditions>
                </line>
                <line number="69" hits="0" branch="False" />
                <line number="71" hits="2" branch="False" />
                <line number="72" hits="2" branch="False" />
                <line number="74" hits="2" branch="False" />
                <line number="75" hits="2" branch="False" />
              </lines>
            </method>
          </methods>
          <lines>
            <line number="66" hits="2" branch="False" />
            <line number="67" hits="2" branch="False" />
            <line number="68" hits="2" branch="True" condition-coverage="50% (1/2)">
              <conditions>
                <condition number="198" type="jump" coverage="50%" />
              </conditions>
            </line>
            <line number="69" hits="0" branch="False" />
            <line number="71" hits="2" branch="False" />
            <line number="72" hits="2" branch="False" />
            <line number="74" hits="2" branch="False" />
            <line number="75" hits="2" branch="False" />
          </lines>
        </class>
        <class name="BarSystem.Api.Controllers.ProductosController/&lt;GetProducto&gt;d__3" filename="Api\Controllers\ProductosController.cs" line-rate="1" branch-rate="1" complexity="2">
          <methods>
            <method name="MoveNext" signature="()" line-rate="1" branch-rate="1" complexity="2">
              <lines>
                <line number="29" hits="4" branch="False" />
                <line number="30" hits="4" branch="False" />
                <line number="31" hits="4" branch="True" condition-coverage="100% (2/2)">
                  <conditions>
                    <condition number="187" type="jump" coverage="100%" />
                  </conditions>
                </line>
                <line number="32" hits="2" branch="False" />
                <line number="34" hits="2" branch="False" />
                <line number="35" hits="4" branch="False" />
              </lines>
            </method>
          </methods>
          <lines>
            <line number="29" hits="4" branch="False" />
            <line number="30" hits="4" branch="False" />
            <line number="31" hits="4" branch="True" condition-coverage="100% (2/2)">
              <conditions>
                <condition number="187" type="jump" coverage="100%" />
              </conditions>
            </line>
            <line number="32" hits="2" branch="False" />
            <line number="34" hits="2" branch="False" />
            <line number="35" hits="4" branch="False" />
          </lines>
        </class>
        <class name="BarSystem.Api.Controllers.ProductosController/&lt;GetProductos&gt;d__2" filename="Api\Controllers\ProductosController.cs" line-rate="1" branch-rate="1" complexity="1">
          <methods>
            <method name="MoveNext" signature="()" line-rate="1" branch-rate="1" complexity="1">
              <lines>
                <line number="22" hits="2" branch="False" />
                <line number="23" hits="2" branch="False" />
                <line number="24" hits="2" branch="False" />
                <line number="25" hits="2" branch="False" />
              </lines>
            </method>
          </methods>
          <lines>
            <line number="22" hits="2" branch="False" />
            <line number="23" hits="2" branch="False" />
            <line number="24" hits="2" branch="False" />
            <line number="25" hits="2" branch="False" />
          </lines>
        </class>
        <class name="BarSystem.Api.Controllers.ProductosController/&lt;UpdateProducto&gt;d__5" filename="Api\Controllers\ProductosController.cs" line-rate="1" branch-rate="1" complexity="4">
          <methods>
            <method name="MoveNext" signature="()" line-rate="1" branch-rate="1" complexity="4">
              <lines>
                <line number="47" hits="6" branch="False" />
                <line number="48" hits="6" branch="True" condition-coverage="100% (2/2)">
                  <conditions>
                    <condition number="53" type="jump" coverage="100%" />
                  </conditions>
                </line>
                <line number="49" hits="2" branch="False" />
                <line number="51" hits="4" branch="False" />
                <line number="52" hits="4" branch="True" condition-coverage="100% (2/2)">
                  <conditions>
                    <condition number="245" type="jump" coverage="100%" />
                  </conditions>
                </line>
                <line number="53" hits="2" branch="False" />
                <line number="56" hits="2" branch="False" />
                <line number="57" hits="2" branch="False" />
                <line number="59" hits="2" branch="False" />
                <line number="60" hits="2" branch="False" />
                <line number="61" hits="6" branch="False" />
              </lines>
            </method>
          </methods>
          <lines>
            <line number="47" hits="6" branch="False" />
            <line number="48" hits="6" branch="True" condition-coverage="100% (2/2)">
              <conditions>
                <condition number="53" type="jump" coverage="100%" />
              </conditions>
            </line>
            <line number="49" hits="2" branch="False" />
            <line number="51" hits="4" branch="False" />
            <line number="52" hits="4" branch="True" condition-coverage="100% (2/2)">
              <conditions>
                <condition number="245" type="jump" coverage="100%" />
              </conditions>
            </line>
            <line number="53" hits="2" branch="False" />
            <line number="56" hits="2" branch="False" />
            <line number="57" hits="2" branch="False" />
            <line number="59" hits="2" branch="False" />
            <line number="60" hits="2" branch="False" />
            <line number="61" hits="6" branch="False" />
          </lines>
        </class>
        <class name="BarSystem.Api.Controllers.UsuariosController" filename="Api\Controllers\UsuarioControllers.cs" line-rate="1" branch-rate="1" complexity="2">
          <methods>
            <method name="HashPassword" signature="(System.String)" line-rate="1" branch-rate="1" complexity="1">
              <lines>
                <line number="56" hits="16" branch="False" />
                <line number="57" hits="16" branch="False" />
                <line number="58" hits="16" branch="False" />
                <line number="59" hits="16" branch="False" />
                <line number="60" hits="16" branch="False" />
              </lines>
            </method>
            <method name=".ctor" signature="(BarSystem.Infrastructure.BarContext)" line-rate="1" branch-rate="1" complexity="1">
              <lines>
                <line number="17" hits="28" branch="False" />
                <line number="18" hits="28" branch="False" />
                <line number="19" hits="28" branch="False" />
                <line number="20" hits="28" branch="False" />
              </lines>
            </method>
          </methods>
          <lines>
            <line number="56" hits="16" branch="False" />
            <line number="57" hits="16" branch="False" />
            <line number="58" hits="16" branch="False" />
            <line number="59" hits="16" branch="False" />
            <line number="60" hits="16" branch="False" />
            <line number="17" hits="28" branch="False" />
            <line number="18" hits="28" branch="False" />
            <line number="19" hits="28" branch="False" />
            <line number="20" hits="28" branch="False" />
          </lines>
        </class>
        <class name="BarSystem.Api.Controllers.UsuariosController/&lt;Login&gt;d__3" filename="Api\Controllers\UsuarioControllers.cs" line-rate="1" branch-rate="1" complexity="4">
          <methods>
            <method name="MoveNext" signature="()" line-rate="1" branch-rate="1" complexity="4">
              <lines>
                <line number="45" hits="12" branch="False" />
                <line number="46" hits="12" branch="False" />
                <line number="47" hits="14" branch="True" condition-coverage="100% (2/2)">
                  <conditions>
                    <condition number="323" type="jump" coverage="100%" />
                  </conditions>
                </line>
                <line number="49" hits="10" branch="True" condition-coverage="100% (2/2)">
                  <conditions>
                    <condition number="394" type="jump" coverage="100%" />
                  </conditions>
                </line>
                <line number="50" hits="6" branch="False" />
                <line number="52" hits="4" branch="False" />
                <line number="53" hits="12" branch="False" />
              </lines>
            </method>
          </methods>
          <lines>
            <line number="45" hits="12" branch="False" />
            <line number="46" hits="12" branch="False" />
            <line number="47" hits="14" branch="True" condition-coverage="100% (2/2)">
              <conditions>
                <condition number="323" type="jump" coverage="100%" />
              </conditions>
            </line>
            <line number="49" hits="10" branch="True" condition-coverage="100% (2/2)">
              <conditions>
                <condition number="394" type="jump" coverage="100%" />
              </conditions>
            </line>
            <line number="50" hits="6" branch="False" />
            <line number="52" hits="4" branch="False" />
            <line number="53" hits="12" branch="False" />
          </lines>
        </class>
        <class name="BarSystem.Api.Controllers.UsuariosController/&lt;Register&gt;d__2" filename="Api\Controllers\UsuarioControllers.cs" line-rate="1" branch-rate="1" complexity="2">
          <methods>
            <method name="MoveNext" signature="()" line-rate="1" branch-rate="1" complexity="2">
              <lines>
                <line number="25" hits="8" branch="False" />
                <line number="26" hits="8" branch="True" condition-coverage="100% (2/2)">
                  <conditions>
                    <condition number="313" type="jump" coverage="100%" />
                  </conditions>
                </line>
                <line number="27" hits="6" branch="False" />
                <line number="29" hits="2" branch="False" />
                <line number="30" hits="2" branch="False" />
                <line number="31" hits="2" branch="False" />
                <line number="32" hits="2" branch="False" />
                <line number="33" hits="2" branch="False" />
                <line number="34" hits="2" branch="False" />
                <line number="36" hits="2" branch="False" />
                <line number="37" hits="2" branch="False" />
                <line number="39" hits="2" branch="False" />
                <line number="40" hits="8" branch="False" />
              </lines>
            </method>
          </methods>
          <lines>
            <line number="25" hits="8" branch="False" />
            <line number="26" hits="8" branch="True" condition-coverage="100% (2/2)">
              <conditions>
                <condition number="313" type="jump" coverage="100%" />
              </conditions>
            </line>
            <line number="27" hits="6" branch="False" />
            <line number="29" hits="2" branch="False" />
            <line number="30" hits="2" branch="False" />
            <line number="31" hits="2" branch="False" />
            <line number="32" hits="2" branch="False" />
            <line number="33" hits="2" branch="False" />
            <line number="34" hits="2" branch="False" />
            <line number="36" hits="2" branch="False" />
            <line number="37" hits="2" branch="False" />
            <line number="39" hits="2" branch="False" />
            <line number="40" hits="8" branch="False" />
          </lines>
        </class>
      </classes>
    </package>
  </packages>
</coverage>